Build started 05.06.2016 04:10:35.
     1>Project "C:\Users\Oana\Desktop\licenta\another try\OpenCVApplication-VS2013\OpenCVApplication.vcxproj" on node 2 (Build target(s)).
     1>ClCompile:
         C:\Program Files (x86)\Microsoft Visual Studio 12.0\VC\bin\CL.exe /c /IOpenCV/Include /ZI /nologo /W3 /WX- /sdl /Od /Oy- /D WIN32 /D _DEBUG /D _CONSOLE /D _CRT_SECURE_NO_WARNINGS /D _MBCS /Gm /EHsc /RTC1 /MDd /GS /fp:precise /Zc:wchar_t /Zc:forScope /Yu"stdafx.h" /Fp"Debug\OpenCVApplication.pch" /Fo"Debug\\" /Fd"Debug\vc120.pdb" /Gd /TP /analyze- /errorReport:prompt OpenCVApplication.cpp
         OpenCVApplication.cpp
     1>c:\users\oana\desktop\licenta\another try\opencvapplication-vs2013\opencvapplication.cpp(40): warning C4018: '<' : signed/unsigned mismatch
     1>c:\users\oana\desktop\licenta\another try\opencvapplication-vs2013\opencvapplication.cpp(41): warning C4018: '<' : signed/unsigned mismatch
     1>c:\users\oana\desktop\licenta\another try\opencvapplication-vs2013\opencvapplication.cpp(42): warning C4244: 'initializing' : conversion from 'double' to 'int', possible loss of data
     1>c:\users\oana\desktop\licenta\another try\opencvapplication-vs2013\opencvapplication.cpp(43): warning C4244: 'initializing' : conversion from 'double' to 'int', possible loss of data
     1>c:\users\oana\desktop\licenta\another try\opencvapplication-vs2013\opencvapplication.cpp(49): warning C4244: '=' : conversion from 'double' to 'uchar', possible loss of data
     1>c:\users\oana\desktop\licenta\another try\opencvapplication-vs2013\opencvapplication.cpp(77): warning C4244: '=' : conversion from 'double' to 'uchar', possible loss of data
     1>c:\users\oana\desktop\licenta\another try\opencvapplication-vs2013\opencvapplication.cpp(78): warning C4244: '=' : conversion from 'double' to 'uchar', possible loss of data
     1>c:\users\oana\desktop\licenta\another try\opencvapplication-vs2013\opencvapplication.cpp(93): warning C4244: 'initializing' : conversion from 'double' to 'int', possible loss of data
     1>c:\users\oana\desktop\licenta\another try\opencvapplication-vs2013\opencvapplication.cpp(81): error C4716: 'gradientAndDirection' : must return a value
     1>c:\users\oana\desktop\licenta\another try\opencvapplication-vs2013\opencvapplication.cpp(114): warning C4715: 'dirCuantification' : not all control paths return a value
     1>Done Building Project "C:\Users\Oana\Desktop\licenta\another try\OpenCVApplication-VS2013\OpenCVApplication.vcxproj" (Build target(s)) -- FAILED.

Build FAILED.

Time Elapsed 00:00:03.35
